<?xml version="1.0" encoding="UTF-8"?>
<!-- Generated by org.testng.reporters.JUnitXMLReporter -->
<testsuite hostname="Riyaz" ignored="0" name="Default test" tests="3" failures="0" timestamp="17 Sep 2020 12:28:54 GMT" time="267.591" errors="0">
  <testcase name="validatecreatNewTask" time="3.354" classname="com.crm.qa.testcases.TaskPageTest"/>
  <testcase name="validatecreatNewTask" time="3.058" classname="com.crm.qa.testcases.TaskPageTest"/>
  <testcase name="validatecreatNewTask" time="3.339" classname="com.crm.qa.testcases.TaskPageTest"/>
</testsuite> <!-- Default test -->
