<?xml version="1.0" encoding="UTF-8"?>
<!-- Generated by org.testng.reporters.JUnitXMLReporter -->
<testsuite hostname="Riyaz" ignored="0" name="FreeCrmTest" tests="6" failures="0" timestamp="16 Sep 2020 16:22:36 GMT" time="798.967" errors="0">
  <testcase name="verifycontactspagelabel" time="0.459" classname="com.crm.qa.testcases.ContactsPageTest"/>
  <testcase name="verifyHomePageTitleTest" time="0.016" classname="com.crm.qa.testcases.HomePageTest"/>
  <testcase name="loginPageTitleTest" time="0.104" classname="com.crm.qa.testcases.LoginPageTest"/>
  <testcase name="verifyuserlabelTest" time="3.059" classname="com.crm.qa.testcases.HomePageTest"/>
  <testcase name="loginTest" time="1.374" classname="com.crm.qa.testcases.LoginPageTest"/>
  <testcase name="verifycontactslinkTest" time="5.01" classname="com.crm.qa.testcases.HomePageTest"/>
</testsuite> <!-- FreeCrmTest -->
