<?xml version="1.0" encoding="UTF-8"?>
<testng-results skipped="0" failed="0" ignored="0" total="3" passed="3">
  <reporter-output>
  </reporter-output>
  <suite name="Default suite" duration-ms="267591" started-at="2020-09-17T12:24:27Z" finished-at="2020-09-17T12:28:54Z">
    <groups>
    </groups>
    <test name="Default test" duration-ms="267591" started-at="2020-09-17T12:24:27Z" finished-at="2020-09-17T12:28:54Z">
      <class name="com.crm.qa.testcases.TaskPageTest">
        <test-method status="PASS" signature="setUp()[pri:0, instance:com.crm.qa.testcases.TaskPageTest@194d431]" name="setUp" is-config="true" duration-ms="77393" started-at="2020-09-17T12:24:30Z" finished-at="2020-09-17T12:25:47Z">
          <reporter-output>
          </reporter-output>
        </test-method> <!-- setUp -->
        <test-method status="PASS" signature="validatecreatNewTask(java.lang.String, java.lang.String, java.lang.String)[pri:1, instance:com.crm.qa.testcases.TaskPageTest@194d431]" name="validatecreatNewTask" duration-ms="3354" started-at="2020-09-17T12:25:47Z" data-provider="getCrmTestData" finished-at="2020-09-17T12:25:50Z">
          <params>
            <param index="0">
              <value>
                <![CDATA[Mr.]]>
              </value>
            </param>
            <param index="1">
              <value>
                <![CDATA[done]]>
              </value>
            </param>
            <param index="2">
              <value>
                <![CDATA[class]]>
              </value>
            </param>
          </params>
          <reporter-output>
          </reporter-output>
        </test-method> <!-- validatecreatNewTask -->
        <test-method status="PASS" signature="tearDown()[pri:0, instance:com.crm.qa.testcases.TaskPageTest@194d431]" name="tearDown" is-config="true" duration-ms="3274" started-at="2020-09-17T12:25:50Z" finished-at="2020-09-17T12:25:54Z">
          <reporter-output>
          </reporter-output>
        </test-method> <!-- tearDown -->
        <test-method status="PASS" signature="setUp()[pri:0, instance:com.crm.qa.testcases.TaskPageTest@194d431]" name="setUp" is-config="true" duration-ms="97369" started-at="2020-09-17T12:25:54Z" finished-at="2020-09-17T12:27:31Z">
          <reporter-output>
          </reporter-output>
        </test-method> <!-- setUp -->
        <test-method status="PASS" signature="validatecreatNewTask(java.lang.String, java.lang.String, java.lang.String)[pri:1, instance:com.crm.qa.testcases.TaskPageTest@194d431]" name="validatecreatNewTask" duration-ms="3058" started-at="2020-09-17T12:27:31Z" data-provider="getCrmTestData" finished-at="2020-09-17T12:27:34Z">
          <params>
            <param index="0">
              <value>
                <![CDATA[mrs.]]>
              </value>
            </param>
            <param index="1">
              <value>
                <![CDATA[progress]]>
              </value>
            </param>
            <param index="2">
              <value>
                <![CDATA[method]]>
              </value>
            </param>
          </params>
          <reporter-output>
          </reporter-output>
        </test-method> <!-- validatecreatNewTask -->
        <test-method status="PASS" signature="tearDown()[pri:0, instance:com.crm.qa.testcases.TaskPageTest@194d431]" name="tearDown" is-config="true" duration-ms="3245" started-at="2020-09-17T12:27:34Z" finished-at="2020-09-17T12:27:37Z">
          <reporter-output>
          </reporter-output>
        </test-method> <!-- tearDown -->
        <test-method status="PASS" signature="setUp()[pri:0, instance:com.crm.qa.testcases.TaskPageTest@194d431]" name="setUp" is-config="true" duration-ms="70333" started-at="2020-09-17T12:27:37Z" finished-at="2020-09-17T12:28:48Z">
          <reporter-output>
          </reporter-output>
        </test-method> <!-- setUp -->
        <test-method status="PASS" signature="validatecreatNewTask(java.lang.String, java.lang.String, java.lang.String)[pri:1, instance:com.crm.qa.testcases.TaskPageTest@194d431]" name="validatecreatNewTask" duration-ms="3339" started-at="2020-09-17T12:28:48Z" data-provider="getCrmTestData" finished-at="2020-09-17T12:28:51Z">
          <params>
            <param index="0">
              <value>
                <![CDATA[Dr.]]>
              </value>
            </param>
            <param index="1">
              <value>
                <![CDATA[hold]]>
              </value>
            </param>
            <param index="2">
              <value>
                <![CDATA[function]]>
              </value>
            </param>
          </params>
          <reporter-output>
          </reporter-output>
        </test-method> <!-- validatecreatNewTask -->
        <test-method status="PASS" signature="tearDown()[pri:0, instance:com.crm.qa.testcases.TaskPageTest@194d431]" name="tearDown" is-config="true" duration-ms="3261" started-at="2020-09-17T12:28:51Z" finished-at="2020-09-17T12:28:54Z">
          <reporter-output>
          </reporter-output>
        </test-method> <!-- tearDown -->
      </class> <!-- com.crm.qa.testcases.TaskPageTest -->
    </test> <!-- Default test -->
  </suite> <!-- Default suite -->
</testng-results>
